<?xml version="1.0" encoding="UTF-8"?>
<!-- Generated by org.testng.reporters.JUnitReportReporter -->
<testsuite hostname="USMUMRATTAR2" failures="0" tests="2" name="com.travelers.qa.testcases.HomePageTest" time="48.446" errors="0" timestamp="2020-04-08T15:17:18 IST" skipped="0">
  <testcase classname="com.travelers.qa.testcases.HomePageTest" name="verifyApplicationTest" time="26.690"/>
  <system-out/>
  <testcase classname="com.travelers.qa.testcases.HomePageTest" name="verifyTravLogoTest" time="21.756"/>
  <system-out/>
</testsuite> <!-- com.travelers.qa.testcases.HomePageTest -->
